# JRE version: OpenJDK Runtime Environment (11.0.10) (build 11.0.10+0-b96-7249189)
# Java VM: OpenJDK 64-Bit Server VM (11.0.10+0-b96-7249189, mixed mode, tiered, compressed oops, g1 gc, windows-amd64)
Heap:
 garbage-first heap   total 143360K, used 110316K [0x0000000080000000, 0x0000000100000000)
  region size 1024K, 35 young (35840K), 5 survivors (5120K)
 Metaspace       used 69018K, capacity 70894K, committed 71168K, reserved 1112064K
  class space    used 8816K, capacity 9440K, committed 9472K, reserved 1048576K
GC Heap History (20 events):
Event: 32.966 GC heap before
{Heap before GC invocations=37 (full 0):
 garbage-first heap   total 98304K, used 75622K [0x0000000080000000, 0x0000000100000000)
  region size 1024K, 21 young (21504K), 3 survivors (3072K)
 Metaspace       used 48877K, capacity 50258K, committed 50560K, reserved 1093632K
  class space    used 6256K, capacity 6704K, committed 6784K, reserved 1048576K
}
Event: 32.973 GC heap after
{Heap after GC invocations=38 (full 0):
 garbage-first heap   total 98304K, used 58570K [0x0000000080000000, 0x0000000100000000)
  region size 1024K, 3 young (3072K), 3 survivors (3072K)
 Metaspace       used 48877K, capacity 50258K, committed 50560K, reserved 1093632K
  class space    used 6256K, capacity 6704K, committed 6784K, reserved 1048576K
}
Event: 33.618 GC heap before
{Heap before GC invocations=39 (full 0):
 garbage-first heap   total 98304K, used 77002K [0x0000000080000000, 0x0000000100000000)
  region size 1024K, 22 young (22528K), 3 survivors (3072K)
 Metaspace       used 49468K, capacity 50945K, committed 51200K, reserved 1093632K
  class space    used 6318K, capacity 6800K, committed 6912K, reserved 1048576K
}
Event: 33.627 GC heap after
{Heap after GC invocations=40 (full 0):
 garbage-first heap   total 118784K, used 60572K [0x0000000080000000, 0x0000000100000000)
  region size 1024K, 3 young (3072K), 3 survivors (3072K)
 Metaspace       used 49468K, capacity 50945K, committed 51200K, reserved 1093632K
  class space    used 6318K, capacity 6800K, committed 6912K, reserved 1048576K
}
Event: 33.734 GC heap before
{Heap before GC invocations=40 (full 0):
 garbage-first heap   total 118784K, used 64668K [0x0000000080000000, 0x0000000100000000)
  region size 1024K, 8 young (8192K), 3 survivors (3072K)
 Metaspace       used 49733K, capacity 51265K, committed 51456K, reserved 1093632K
  class space    used 6360K, capacity 6841K, committed 6912K, reserved 1048576K
}
Event: 33.742 GC heap after
{Heap after GC invocations=41 (full 0):
 garbage-first heap   total 118784K, used 61534K [0x0000000080000000, 0x0000000100000000)
  region size 1024K, 1 young (1024K), 1 survivors (1024K)
 Metaspace       used 49733K, capacity 51265K, committed 51456K, reserved 1093632K
  class space    used 6360K, capacity 6841K, committed 6912K, reserved 1048576K
}
Event: 33.965 GC heap before
{Heap before GC invocations=42 (full 0):
 garbage-first heap   total 118784K, used 67678K [0x0000000080000000, 0x0000000100000000)
  region size 1024K, 7 young (7168K), 1 survivors (1024K)
 Metaspace       used 49741K, capacity 51265K, committed 51456K, reserved 1093632K
  class space    used 6360K, capacity 6841K, committed 6912K, reserved 1048576K
}
Event: 33.972 GC heap after
{Heap after GC invocations=43 (full 0):
 garbage-first heap   total 118784K, used 67493K [0x0000000080000000, 0x0000000100000000)
  region size 1024K, 3 young (3072K), 3 survivors (3072K)
 Metaspace       used 49741K, capacity 51265K, committed 51456K, reserved 1093632K
  class space    used 6360K, capacity 6841K, committed 6912K, reserved 1048576K
}
Event: 34.424 GC heap before
{Heap before GC invocations=44 (full 0):
 garbage-first heap   total 118784K, used 85925K [0x0000000080000000, 0x0000000100000000)
  region size 1024K, 20 young (20480K), 3 survivors (3072K)
 Metaspace       used 51272K, capacity 52858K, committed 53120K, reserved 1095680K
  class space    used 6559K, capacity 7029K, committed 7040K, reserved 1048576K
}
Event: 34.429 GC heap after
{Heap after GC invocations=45 (full 0):
 garbage-first heap   total 118784K, used 70906K [0x0000000080000000, 0x0000000100000000)
  region size 1024K, 2 young (2048K), 2 survivors (2048K)
 Metaspace       used 51272K, capacity 52858K, committed 53120K, reserved 1095680K
  class space    used 6559K, capacity 7029K, committed 7040K, reserved 1048576K
}
Event: 34.973 GC heap before
{Heap before GC invocations=45 (full 0):
 garbage-first heap   total 118784K, used 88314K [0x0000000080000000, 0x0000000100000000)
  region size 1024K, 19 young (19456K), 2 survivors (2048K)
 Metaspace       used 53657K, capacity 55265K, committed 55552K, reserved 1097728K
  class space    used 6843K, capacity 7362K, committed 7424K, reserved 1048576K
}
Event: 34.982 GC heap after
{Heap after GC invocations=46 (full 0):
 garbage-first heap   total 143360K, used 71585K [0x0000000080000000, 0x0000000100000000)
  region size 1024K, 3 young (3072K), 3 survivors (3072K)
 Metaspace       used 53657K, capacity 55265K, committed 55552K, reserved 1097728K
  class space    used 6843K, capacity 7362K, committed 7424K, reserved 1048576K
}
Event: 35.654 GC heap before
{Heap before GC invocations=47 (full 0):
 garbage-first heap   total 143360K, used 99233K [0x0000000080000000, 0x0000000100000000)
  region size 1024K, 30 young (30720K), 3 survivors (3072K)
 Metaspace       used 58162K, capacity 59882K, committed 60160K, reserved 1101824K
  class space    used 7336K, capacity 7899K, committed 7936K, reserved 1048576K
}
Event: 35.657 GC heap after
{Heap after GC invocations=48 (full 0):
 garbage-first heap   total 143360K, used 72649K [0x0000000080000000, 0x0000000100000000)
  region size 1024K, 2 young (2048K), 2 survivors (2048K)
 Metaspace       used 58162K, capacity 59882K, committed 60160K, reserved 1101824K
  class space    used 7336K, capacity 7899K, committed 7936K, reserved 1048576K
}
Event: 36.167 GC heap before
{Heap before GC invocations=48 (full 0):
 garbage-first heap   total 143360K, used 104393K [0x0000000080000000, 0x0000000100000000)
  region size 1024K, 34 young (34816K), 2 survivors (2048K)
 Metaspace       used 62191K, capacity 63903K, committed 64000K, reserved 1105920K
  class space    used 7849K, capacity 8426K, committed 8448K, reserved 1048576K
}
Event: 36.173 GC heap after
{Heap after GC invocations=49 (full 0):
 garbage-first heap   total 143360K, used 75688K [0x0000000080000000, 0x0000000100000000)
  region size 1024K, 5 young (5120K), 5 survivors (5120K)
 Metaspace       used 62191K, capacity 63903K, committed 64000K, reserved 1105920K
  class space    used 7849K, capacity 8426K, committed 8448K, reserved 1048576K
}
Event: 36.527 GC heap before
{Heap before GC invocations=50 (full 0):
 garbage-first heap   total 143360K, used 104360K [0x0000000080000000, 0x0000000100000000)
  region size 1024K, 34 young (34816K), 5 survivors (5120K)
 Metaspace       used 65143K, capacity 66987K, committed 67200K, reserved 1107968K
  class space    used 8229K, capacity 8828K, committed 8832K, reserved 1048576K
}
Event: 36.534 GC heap after
{Heap after GC invocations=51 (full 0):
 garbage-first heap   total 143360K, used 78016K [0x0000000080000000, 0x0000000100000000)
  region size 1024K, 3 young (3072K), 3 survivors (3072K)
 Metaspace       used 65143K, capacity 66987K, committed 67200K, reserved 1107968K
  class space    used 8229K, capacity 8828K, committed 8832K, reserved 1048576K
}
Event: 36.946 GC heap before
{Heap before GC invocations=52 (full 0):
 garbage-first heap   total 143360K, used 110784K [0x0000000080000000, 0x0000000100000000)
  region size 1024K, 34 young (34816K), 3 survivors (3072K)
 Metaspace       used 66120K, capacity 67963K, committed 68224K, reserved 1107968K
  class space    used 8374K, capacity 8974K, committed 9088K, reserved 1048576K
}
Event: 36.956 GC heap after
{Heap after GC invocations=53 (full 0):
 garbage-first heap   total 143360K, used 80620K [0x0000000080000000, 0x0000000100000000)
  region size 1024K, 5 young (5120K), 5 survivors (5120K)
 Metaspace       used 66120K, capacity 67963K, committed 68224K, reserved 1107968K
  class space    used 8374K, capacity 8974K, committed 9088K, reserved 1048576K
}

