# JRE version: OpenJDK Runtime Environment (11.0.10) (build 11.0.10+0-b96-7249189)
# Java VM: OpenJDK 64-Bit Server VM (11.0.10+0-b96-7249189, mixed mode, tiered, compressed oops, g1 gc, windows-amd64)
Heap:
 garbage-first heap   total 65536K, used 28118K [0x0000000080000000, 0x0000000100000000)
  region size 1024K, 16 young (16384K), 3 survivors (3072K)
 Metaspace       used 21977K, capacity 22598K, committed 22784K, reserved 1069056K
  class space    used 2765K, capacity 2949K, committed 3072K, reserved 1048576K
GC Heap History (10 events):
Event: 3.476 GC heap before
{Heap before GC invocations=0 (full 0):
 garbage-first heap   total 65536K, used 29696K [0x0000000080000000, 0x0000000100000000)
  region size 1024K, 24 young (24576K), 0 survivors (0K)
 Metaspace       used 10214K, capacity 10431K, committed 10624K, reserved 1058816K
  class space    used 1065K, capacity 1141K, committed 1152K, reserved 1048576K
}
Event: 3.498 GC heap after
{Heap after GC invocations=1 (full 0):
 garbage-first heap   total 65536K, used 9256K [0x0000000080000000, 0x0000000100000000)
  region size 1024K, 3 young (3072K), 3 survivors (3072K)
 Metaspace       used 10214K, capacity 10431K, committed 10624K, reserved 1058816K
  class space    used 1065K, capacity 1141K, committed 1152K, reserved 1048576K
}
Event: 5.842 GC heap before
{Heap before GC invocations=1 (full 0):
 garbage-first heap   total 65536K, used 34856K [0x0000000080000000, 0x0000000100000000)
  region size 1024K, 28 young (28672K), 3 survivors (3072K)
 Metaspace       used 11156K, capacity 11384K, committed 11520K, reserved 1058816K
  class space    used 1167K, capacity 1245K, committed 1280K, reserved 1048576K
}
Event: 5.853 GC heap after
{Heap after GC invocations=2 (full 0):
 garbage-first heap   total 65536K, used 10069K [0x0000000080000000, 0x0000000100000000)
  region size 1024K, 1 young (1024K), 1 survivors (1024K)
 Metaspace       used 11156K, capacity 11384K, committed 11520K, reserved 1058816K
  class space    used 1167K, capacity 1245K, committed 1280K, reserved 1048576K
}
Event: 8.071 GC heap before
{Heap before GC invocations=2 (full 0):
 garbage-first heap   total 65536K, used 36693K [0x0000000080000000, 0x0000000100000000)
  region size 1024K, 27 young (27648K), 1 survivors (1024K)
 Metaspace       used 12937K, capacity 13261K, committed 13312K, reserved 1060864K
  class space    used 1419K, capacity 1532K, committed 1536K, reserved 1048576K
}
Event: 8.086 GC heap after
{Heap after GC invocations=3 (full 0):
 garbage-first heap   total 65536K, used 14817K [0x0000000080000000, 0x0000000100000000)
  region size 1024K, 4 young (4096K), 4 survivors (4096K)
 Metaspace       used 12937K, capacity 13261K, committed 13312K, reserved 1060864K
  class space    used 1419K, capacity 1532K, committed 1536K, reserved 1048576K
}
Event: 29.203 GC heap before
{Heap before GC invocations=3 (full 0):
 garbage-first heap   total 65536K, used 40417K [0x0000000080000000, 0x0000000100000000)
  region size 1024K, 29 young (29696K), 4 survivors (4096K)
 Metaspace       used 18694K, capacity 19197K, committed 19328K, reserved 1067008K
  class space    used 2230K, capacity 2382K, committed 2432K, reserved 1048576K
}
Event: 29.209 GC heap after
{Heap after GC invocations=4 (full 0):
 garbage-first heap   total 65536K, used 16357K [0x0000000080000000, 0x0000000100000000)
  region size 1024K, 2 young (2048K), 2 survivors (2048K)
 Metaspace       used 18694K, capacity 19197K, committed 19328K, reserved 1067008K
  class space    used 2230K, capacity 2382K, committed 2432K, reserved 1048576K
}
Event: 29.755 GC heap before
{Heap before GC invocations=4 (full 0):
 garbage-first heap   total 65536K, used 32741K [0x0000000080000000, 0x0000000100000000)
  region size 1024K, 19 young (19456K), 2 survivors (2048K)
 Metaspace       used 20663K, capacity 21127K, committed 21248K, reserved 1067008K
  class space    used 2520K, capacity 2733K, committed 2816K, reserved 1048576K
}
Event: 29.762 GC heap after
{Heap after GC invocations=5 (full 0):
 garbage-first heap   total 65536K, used 16854K [0x0000000080000000, 0x0000000100000000)
  region size 1024K, 3 young (3072K), 3 survivors (3072K)
 Metaspace       used 20663K, capacity 21127K, committed 21248K, reserved 1067008K
  class space    used 2520K, capacity 2733K, committed 2816K, reserved 1048576K
}

