# JRE version: OpenJDK Runtime Environment (11.0.10) (build 11.0.10+0-b96-7249189)
# Java VM: OpenJDK 64-Bit Server VM (11.0.10+0-b96-7249189, mixed mode, tiered, compressed oops, g1 gc, windows-amd64)
Heap:
 garbage-first heap   total 292864K, used 152638K [0x00000000c0000000, 0x0000000100000000)
  region size 1024K, 3 young (3072K), 3 survivors (3072K)
 Metaspace       used 112427K, capacity 115785K, committed 115968K, reserved 1150976K
  class space    used 13843K, capacity 14984K, committed 15104K, reserved 1048576K
GC Heap History (20 events):
Event: 746.139 GC heap after
{Heap after GC invocations=145 (full 0):
 garbage-first heap   total 181248K, used 145899K [0x00000000c0000000, 0x0000000100000000)
  region size 1024K, 1 young (1024K), 1 survivors (1024K)
 Metaspace       used 108544K, capacity 111856K, committed 112000K, reserved 1146880K
  class space    used 13545K, capacity 14675K, committed 14720K, reserved 1048576K
}
Event: 746.340 GC heap before
{Heap before GC invocations=145 (full 0):
 garbage-first heap   total 181248K, used 154091K [0x00000000c0000000, 0x0000000100000000)
  region size 1024K, 10 young (10240K), 1 survivors (1024K)
 Metaspace       used 108558K, capacity 111856K, committed 112000K, reserved 1146880K
  class space    used 13545K, capacity 14675K, committed 14720K, reserved 1048576K
}
Event: 746.346 GC heap after
{Heap after GC invocations=146 (full 0):
 garbage-first heap   total 181248K, used 147233K [0x00000000c0000000, 0x0000000100000000)
  region size 1024K, 2 young (2048K), 2 survivors (2048K)
 Metaspace       used 108558K, capacity 111856K, committed 112000K, reserved 1146880K
  class space    used 13545K, capacity 14675K, committed 14720K, reserved 1048576K
}
Event: 746.455 GC heap before
{Heap before GC invocations=146 (full 0):
 garbage-first heap   total 181248K, used 156449K [0x00000000c0000000, 0x0000000100000000)
  region size 1024K, 11 young (11264K), 2 survivors (2048K)
 Metaspace       used 108595K, capacity 111924K, committed 112000K, reserved 1146880K
  class space    used 13547K, capacity 14676K, committed 14720K, reserved 1048576K
}
Event: 746.465 GC heap after
{Heap after GC invocations=147 (full 0):
 garbage-first heap   total 181248K, used 147804K [0x00000000c0000000, 0x0000000100000000)
  region size 1024K, 1 young (1024K), 1 survivors (1024K)
 Metaspace       used 108595K, capacity 111924K, committed 112000K, reserved 1146880K
  class space    used 13547K, capacity 14676K, committed 14720K, reserved 1048576K
}
Event: 746.519 GC heap before
{Heap before GC invocations=147 (full 0):
 garbage-first heap   total 181248K, used 155996K [0x00000000c0000000, 0x0000000100000000)
  region size 1024K, 9 young (9216K), 1 survivors (1024K)
 Metaspace       used 108597K, capacity 111924K, committed 112000K, reserved 1146880K
  class space    used 13547K, capacity 14676K, committed 14720K, reserved 1048576K
}
Event: 746.521 GC heap after
{Heap after GC invocations=148 (full 0):
 garbage-first heap   total 181248K, used 147705K [0x00000000c0000000, 0x0000000100000000)
  region size 1024K, 1 young (1024K), 1 survivors (1024K)
 Metaspace       used 108597K, capacity 111924K, committed 112000K, reserved 1146880K
  class space    used 13547K, capacity 14676K, committed 14720K, reserved 1048576K
}
Event: 746.607 GC heap before
{Heap before GC invocations=148 (full 0):
 garbage-first heap   total 181248K, used 156921K [0x00000000c0000000, 0x0000000100000000)
  region size 1024K, 10 young (10240K), 1 survivors (1024K)
 Metaspace       used 108601K, capacity 111924K, committed 112000K, reserved 1146880K
  class space    used 13547K, capacity 14676K, committed 14720K, reserved 1048576K
}
Event: 746.617 GC heap after
{Heap after GC invocations=149 (full 0):
 garbage-first heap   total 216064K, used 147708K [0x00000000c0000000, 0x0000000100000000)
  region size 1024K, 1 young (1024K), 1 survivors (1024K)
 Metaspace       used 108601K, capacity 111924K, committed 112000K, reserved 1146880K
  class space    used 13547K, capacity 14676K, committed 14720K, reserved 1048576K
}
Event: 746.748 GC heap before
{Heap before GC invocations=150 (full 0):
 garbage-first heap   total 216064K, used 171260K [0x00000000c0000000, 0x0000000100000000)
  region size 1024K, 24 young (24576K), 1 survivors (1024K)
 Metaspace       used 108604K, capacity 111924K, committed 112000K, reserved 1146880K
  class space    used 13547K, capacity 14676K, committed 14720K, reserved 1048576K
}
Event: 746.750 GC heap after
{Heap after GC invocations=151 (full 0):
 garbage-first heap   total 216064K, used 147682K [0x00000000c0000000, 0x0000000100000000)
  region size 1024K, 1 young (1024K), 1 survivors (1024K)
 Metaspace       used 108604K, capacity 111924K, committed 112000K, reserved 1146880K
  class space    used 13547K, capacity 14676K, committed 14720K, reserved 1048576K
}
Event: 747.168 GC heap before
{Heap before GC invocations=151 (full 0):
 garbage-first heap   total 216064K, used 172258K [0x00000000c0000000, 0x0000000100000000)
  region size 1024K, 26 young (26624K), 1 survivors (1024K)
 Metaspace       used 108633K, capacity 111930K, committed 112000K, reserved 1146880K
  class space    used 13550K, capacity 14678K, committed 14720K, reserved 1048576K
}
Event: 747.185 GC heap after
{Heap after GC invocations=152 (full 0):
 garbage-first heap   total 216064K, used 152098K [0x00000000c0000000, 0x0000000100000000)
  region size 1024K, 4 young (4096K), 4 survivors (4096K)
 Metaspace       used 108633K, capacity 111930K, committed 112000K, reserved 1146880K
  class space    used 13550K, capacity 14678K, committed 14720K, reserved 1048576K
}
Event: 748.103 GC heap before
{Heap before GC invocations=153 (full 0):
 garbage-first heap   total 216064K, used 189986K [0x00000000c0000000, 0x0000000100000000)
  region size 1024K, 27 young (27648K), 4 survivors (4096K)
 Metaspace       used 108961K, capacity 112302K, committed 112640K, reserved 1146880K
  class space    used 13577K, capacity 14728K, committed 14848K, reserved 1048576K
}
Event: 748.121 GC heap after
{Heap after GC invocations=154 (full 0):
 garbage-first heap   total 216064K, used 155722K [0x00000000c0000000, 0x0000000100000000)
  region size 1024K, 4 young (4096K), 4 survivors (4096K)
 Metaspace       used 108961K, capacity 112302K, committed 112640K, reserved 1146880K
  class space    used 13577K, capacity 14728K, committed 14848K, reserved 1048576K
}
Event: 748.823 GC heap before
{Heap before GC invocations=154 (full 0):
 garbage-first heap   total 216064K, used 177226K [0x00000000c0000000, 0x0000000100000000)
  region size 1024K, 26 young (26624K), 4 survivors (4096K)
 Metaspace       used 111825K, capacity 115113K, committed 115328K, reserved 1148928K
  class space    used 13815K, capacity 14952K, committed 14976K, reserved 1048576K
}
Event: 748.841 GC heap after
{Heap after GC invocations=155 (full 0):
 garbage-first heap   total 216064K, used 157942K [0x00000000c0000000, 0x0000000100000000)
  region size 1024K, 3 young (3072K), 3 survivors (3072K)
 Metaspace       used 111825K, capacity 115113K, committed 115328K, reserved 1148928K
  class space    used 13815K, capacity 14952K, committed 14976K, reserved 1048576K
}
Event: 749.332 GC heap before
{Heap before GC invocations=155 (full 0):
 garbage-first heap   total 216064K, used 180470K [0x00000000c0000000, 0x0000000100000000)
  region size 1024K, 25 young (25600K), 3 survivors (3072K)
 Metaspace       used 112309K, capacity 115625K, committed 115840K, reserved 1150976K
  class space    used 13833K, capacity 14952K, committed 14976K, reserved 1048576K
}
Event: 749.344 GC heap after
{Heap after GC invocations=156 (full 0):
 garbage-first heap   total 216064K, used 160417K [0x00000000c0000000, 0x0000000100000000)
  region size 1024K, 3 young (3072K), 3 survivors (3072K)
 Metaspace       used 112309K, capacity 115625K, committed 115840K, reserved 1150976K
  class space    used 13833K, capacity 14952K, committed 14976K, reserved 1048576K
}
Event: 750.158 GC heap before
{Heap before GC invocations=156 (full 0):
 garbage-first heap   total 216064K, used 170657K [0x00000000c0000000, 0x0000000100000000)
  region size 1024K, 24 young (24576K), 3 survivors (3072K)
 Metaspace       used 112427K, capacity 115785K, committed 115968K, reserved 1150976K
  class space    used 13843K, capacity 14984K, committed 15104K, reserved 1048576K
}

